<?xml version="1.0" encoding="UTF-8"?>
<!-- Generated by org.testng.reporters.JUnitReportReporter -->
<testsuite skipped="0" hostname="DESKTOP-URAEJG5" name="sample_pack.New_TestE" tests="2" failures="0" timestamp="10 Aug 2019 06:37:53 GMT" time="4.296" errors="0">
  <testcase name="extends_method" time="0.006" classname="sample_pack.New_TestE"/>
  <testcase name="f" time="4.290" classname="sample_pack.New_TestE"/>
</testsuite> <!-- sample_pack.New_TestE -->
