<?xml version="1.0" encoding="UTF-8"?>
<!-- Generated by org.testng.reporters.JUnitReportReporter -->
<testsuite skipped="0" hostname="DESKTOP-URAEJG5" name="sample_pack.New_Test" tests="1" failures="0" timestamp="13 Aug 2019 07:30:49 GMT" time="1.498" errors="0">
  <testcase name="f" time="1.498" classname="sample_pack.New_Test"/>
</testsuite> <!-- sample_pack.New_Test -->
