<?xml version="1.0" encoding="UTF-8"?>
<!-- Generated by org.testng.reporters.JUnitReportReporter -->
<testsuite skipped="0" hostname="DESKTOP-URAEJG5" name="com.wiki_perficient.AppTest" tests="1" failures="0" timestamp="16 Aug 2019 07:54:14 GMT" time="56.470" errors="0">
  <testcase name="f" time="56.470" classname="com.wiki_perficient.AppTest"/>
</testsuite> <!-- com.wiki_perficient.AppTest -->
