<?xml version="1.0" encoding="UTF-8"?>
<!-- Generated by org.testng.reporters.JUnitReportReporter -->
<testsuite skipped="0" hostname="DESKTOP-URAEJG5" name="Appln_test.Appln_Testing" tests="1" failures="0" timestamp="16 Aug 2019 06:23:21 GMT" time="47.439" errors="0">
  <testcase name="f" time="47.439" classname="Appln_test.Appln_Testing"/>
</testsuite> <!-- Appln_test.Appln_Testing -->
